JUnit version 4.11
.E.E.E.E.E.E

There were 6 failures:
1) test3ba471c1785a0175(modbat.test.TestRSeedTestSuccess)
java.lang.AssertionError: assertion failed
	at scala.Predef$.assert(Predef.scala)
	at modbat.dsl.Model$.assert(Model.scala)
	at modbat.dsl.Model$class.assert(Model.scala)
	at modbat.test.RSeedTestSuccess.assert(RSeedTestSuccess.scala)
	at modbat.test.RSeedTestSuccess$$anonfun$1.apply$mcV$sp(RSeedTestSuccess.scala)
	at modbat.test.RSeedTestSuccess$$anonfun$1.apply(RSeedTestSuccess.scala)
	at modbat.test.RSeedTestSuccess$$anonfun$1.apply(RSeedTestSuccess.scala)
	at modbat.mbt.MBT.executeTransition(MBT.scala)
	at modbat.test.TestRSeedTestSuccess.test3ba471c1785a0175(TestRSeedTestSuccess.java)
	at sun.reflect.NativeMethodAccessorImpl.invoke0(Native Method)
	at sun.reflect.NativeMethodAccessorImpl.invoke(NativeMethodAccessorImpl.java)
	at sun.reflect.DelegatingMethodAccessorImpl.invoke(DelegatingMethodAccessorImpl.java)
	at java.lang.reflect.Method.invoke(Method.java)
	at org.junit.runners.model.FrameworkMethod$1.runReflectiveCall(FrameworkMethod.java)
	at org.junit.internal.runners.model.ReflectiveCallable.run(ReflectiveCallable.java)
	at org.junit.runners.model.FrameworkMethod.invokeExplosively(FrameworkMethod.java)
	at org.junit.internal.runners.statements.InvokeMethod.evaluate(InvokeMethod.java)
	at org.junit.runners.ParentRunner.runLeaf(ParentRunner.java)
	at org.junit.runners.BlockJUnit4ClassRunner.runChild(BlockJUnit4ClassRunner.java)
	at org.junit.runners.BlockJUnit4ClassRunner.runChild(BlockJUnit4ClassRunner.java)
	at org.junit.runners.ParentRunner$3.run(ParentRunner.java)
	at org.junit.runners.ParentRunner$1.schedule(ParentRunner.java)
	at org.junit.runners.ParentRunner.runChildren(ParentRunner.java)
	at org.junit.runners.ParentRunner.access$000(ParentRunner.java)
	at org.junit.runners.ParentRunner$2.evaluate(ParentRunner.java)
	at org.junit.internal.runners.statements.RunBefores.evaluate(RunBefores.java)
	at org.junit.internal.runners.statements.RunAfters.evaluate(RunAfters.java)
	at org.junit.runners.ParentRunner.run(ParentRunner.java)
	at org.junit.runners.Suite.runChild(Suite.java)
	at org.junit.runners.Suite.runChild(Suite.java)
	at org.junit.runners.ParentRunner$3.run(ParentRunner.java)
	at org.junit.runners.ParentRunner$1.schedule(ParentRunner.java)
	at org.junit.runners.ParentRunner.runChildren(ParentRunner.java)
	at org.junit.runners.ParentRunner.access$000(ParentRunner.java)
	at org.junit.runners.ParentRunner$2.evaluate(ParentRunner.java)
	at org.junit.runners.ParentRunner.run(ParentRunner.java)
	at org.junit.runner.JUnitCore.run(JUnitCore.java)
	at org.junit.runner.JUnitCore.run(JUnitCore.java)
	at org.junit.runner.JUnitCore.run(JUnitCore.java)
	at org.junit.runner.JUnitCore.runMain(JUnitCore.java)
	at org.junit.runner.JUnitCore.runMainAndExit(JUnitCore.java)
	at org.junit.runner.JUnitCore.main(JUnitCore.java)
2) test89a82931be29e65(modbat.test.TestRSeedTestSuccess)
java.lang.AssertionError: assertion failed
	at scala.Predef$.assert(Predef.scala)
	at modbat.dsl.Model$.assert(Model.scala)
	at modbat.dsl.Model$class.assert(Model.scala)
	at modbat.test.RSeedTestSuccess.assert(RSeedTestSuccess.scala)
	at modbat.test.RSeedTestSuccess$$anonfun$1.apply$mcV$sp(RSeedTestSuccess.scala)
	at modbat.test.RSeedTestSuccess$$anonfun$1.apply(RSeedTestSuccess.scala)
	at modbat.test.RSeedTestSuccess$$anonfun$1.apply(RSeedTestSuccess.scala)
	at modbat.mbt.MBT.executeTransition(MBT.scala)
	at modbat.test.TestRSeedTestSuccess.test89a82931be29e65(TestRSeedTestSuccess.java)
	at sun.reflect.NativeMethodAccessorImpl.invoke0(Native Method)
	at sun.reflect.NativeMethodAccessorImpl.invoke(NativeMethodAccessorImpl.java)
	at sun.reflect.DelegatingMethodAccessorImpl.invoke(DelegatingMethodAccessorImpl.java)
	at java.lang.reflect.Method.invoke(Method.java)
	at org.junit.runners.model.FrameworkMethod$1.runReflectiveCall(FrameworkMethod.java)
	at org.junit.internal.runners.model.ReflectiveCallable.run(ReflectiveCallable.java)
	at org.junit.runners.model.FrameworkMethod.invokeExplosively(FrameworkMethod.java)
	at org.junit.internal.runners.statements.InvokeMethod.evaluate(InvokeMethod.java)
	at org.junit.runners.ParentRunner.runLeaf(ParentRunner.java)
	at org.junit.runners.BlockJUnit4ClassRunner.runChild(BlockJUnit4ClassRunner.java)
	at org.junit.runners.BlockJUnit4ClassRunner.runChild(BlockJUnit4ClassRunner.java)
	at org.junit.runners.ParentRunner$3.run(ParentRunner.java)
	at org.junit.runners.ParentRunner$1.schedule(ParentRunner.java)
	at org.junit.runners.ParentRunner.runChildren(ParentRunner.java)
	at org.junit.runners.ParentRunner.access$000(ParentRunner.java)
	at org.junit.runners.ParentRunner$2.evaluate(ParentRunner.java)
	at org.junit.internal.runners.statements.RunBefores.evaluate(RunBefores.java)
	at org.junit.internal.runners.statements.RunAfters.evaluate(RunAfters.java)
	at org.junit.runners.ParentRunner.run(ParentRunner.java)
	at org.junit.runners.Suite.runChild(Suite.java)
	at org.junit.runners.Suite.runChild(Suite.java)
	at org.junit.runners.ParentRunner$3.run(ParentRunner.java)
	at org.junit.runners.ParentRunner$1.schedule(ParentRunner.java)
	at org.junit.runners.ParentRunner.runChildren(ParentRunner.java)
	at org.junit.runners.ParentRunner.access$000(ParentRunner.java)
	at org.junit.runners.ParentRunner$2.evaluate(ParentRunner.java)
	at org.junit.runners.ParentRunner.run(ParentRunner.java)
	at org.junit.runner.JUnitCore.run(JUnitCore.java)
	at org.junit.runner.JUnitCore.run(JUnitCore.java)
	at org.junit.runner.JUnitCore.run(JUnitCore.java)
	at org.junit.runner.JUnitCore.runMain(JUnitCore.java)
	at org.junit.runner.JUnitCore.runMainAndExit(JUnitCore.java)
	at org.junit.runner.JUnitCore.main(JUnitCore.java)
3) test19b6aa1b14a29017(modbat.test.TestRSeedTestSuccess)
java.lang.AssertionError: assertion failed
	at scala.Predef$.assert(Predef.scala)
	at modbat.dsl.Model$.assert(Model.scala)
	at modbat.dsl.Model$class.assert(Model.scala)
	at modbat.test.RSeedTestSuccess.assert(RSeedTestSuccess.scala)
	at modbat.test.RSeedTestSuccess$$anonfun$1.apply$mcV$sp(RSeedTestSuccess.scala)
	at modbat.test.RSeedTestSuccess$$anonfun$1.apply(RSeedTestSuccess.scala)
	at modbat.test.RSeedTestSuccess$$anonfun$1.apply(RSeedTestSuccess.scala)
	at modbat.mbt.MBT.executeTransition(MBT.scala)
	at modbat.test.TestRSeedTestSuccess.test19b6aa1b14a29017(TestRSeedTestSuccess.java)
	at sun.reflect.NativeMethodAccessorImpl.invoke0(Native Method)
	at sun.reflect.NativeMethodAccessorImpl.invoke(NativeMethodAccessorImpl.java)
	at sun.reflect.DelegatingMethodAccessorImpl.invoke(DelegatingMethodAccessorImpl.java)
	at java.lang.reflect.Method.invoke(Method.java)
	at org.junit.runners.model.FrameworkMethod$1.runReflectiveCall(FrameworkMethod.java)
	at org.junit.internal.runners.model.ReflectiveCallable.run(ReflectiveCallable.java)
	at org.junit.runners.model.FrameworkMethod.invokeExplosively(FrameworkMethod.java)
	at org.junit.internal.runners.statements.InvokeMethod.evaluate(InvokeMethod.java)
	at org.junit.runners.ParentRunner.runLeaf(ParentRunner.java)
	at org.junit.runners.BlockJUnit4ClassRunner.runChild(BlockJUnit4ClassRunner.java)
	at org.junit.runners.BlockJUnit4ClassRunner.runChild(BlockJUnit4ClassRunner.java)
	at org.junit.runners.ParentRunner$3.run(ParentRunner.java)
	at org.junit.runners.ParentRunner$1.schedule(ParentRunner.java)
	at org.junit.runners.ParentRunner.runChildren(ParentRunner.java)
	at org.junit.runners.ParentRunner.access$000(ParentRunner.java)
	at org.junit.runners.ParentRunner$2.evaluate(ParentRunner.java)
	at org.junit.internal.runners.statements.RunBefores.evaluate(RunBefores.java)
	at org.junit.internal.runners.statements.RunAfters.evaluate(RunAfters.java)
	at org.junit.runners.ParentRunner.run(ParentRunner.java)
	at org.junit.runners.Suite.runChild(Suite.java)
	at org.junit.runners.Suite.runChild(Suite.java)
	at org.junit.runners.ParentRunner$3.run(ParentRunner.java)
	at org.junit.runners.ParentRunner$1.schedule(ParentRunner.java)
	at org.junit.runners.ParentRunner.runChildren(ParentRunner.java)
	at org.junit.runners.ParentRunner.access$000(ParentRunner.java)
	at org.junit.runners.ParentRunner$2.evaluate(ParentRunner.java)
	at org.junit.runners.ParentRunner.run(ParentRunner.java)
	at org.junit.runner.JUnitCore.run(JUnitCore.java)
	at org.junit.runner.JUnitCore.run(JUnitCore.java)
	at org.junit.runner.JUnitCore.run(JUnitCore.java)
	at org.junit.runner.JUnitCore.runMain(JUnitCore.java)
	at org.junit.runner.JUnitCore.runMainAndExit(JUnitCore.java)
	at org.junit.runner.JUnitCore.main(JUnitCore.java)
4) test85780661bf76533(modbat.test.TestRSeedTestSuccess)
java.lang.AssertionError: assertion failed
	at scala.Predef$.assert(Predef.scala)
	at modbat.dsl.Model$.assert(Model.scala)
	at modbat.dsl.Model$class.assert(Model.scala)
	at modbat.test.RSeedTestSuccess.assert(RSeedTestSuccess.scala)
	at modbat.test.RSeedTestSuccess$$anonfun$1.apply$mcV$sp(RSeedTestSuccess.scala)
	at modbat.test.RSeedTestSuccess$$anonfun$1.apply(RSeedTestSuccess.scala)
	at modbat.test.RSeedTestSuccess$$anonfun$1.apply(RSeedTestSuccess.scala)
	at modbat.mbt.MBT.executeTransition(MBT.scala)
	at modbat.test.TestRSeedTestSuccess.test85780661bf76533(TestRSeedTestSuccess.java)
	at sun.reflect.NativeMethodAccessorImpl.invoke0(Native Method)
	at sun.reflect.NativeMethodAccessorImpl.invoke(NativeMethodAccessorImpl.java)
	at sun.reflect.DelegatingMethodAccessorImpl.invoke(DelegatingMethodAccessorImpl.java)
	at java.lang.reflect.Method.invoke(Method.java)
	at org.junit.runners.model.FrameworkMethod$1.runReflectiveCall(FrameworkMethod.java)
	at org.junit.internal.runners.model.ReflectiveCallable.run(ReflectiveCallable.java)
	at org.junit.runners.model.FrameworkMethod.invokeExplosively(FrameworkMethod.java)
	at org.junit.internal.runners.statements.InvokeMethod.evaluate(InvokeMethod.java)
	at org.junit.runners.ParentRunner.runLeaf(ParentRunner.java)
	at org.junit.runners.BlockJUnit4ClassRunner.runChild(BlockJUnit4ClassRunner.java)
	at org.junit.runners.BlockJUnit4ClassRunner.runChild(BlockJUnit4ClassRunner.java)
	at org.junit.runners.ParentRunner$3.run(ParentRunner.java)
	at org.junit.runners.ParentRunner$1.schedule(ParentRunner.java)
	at org.junit.runners.ParentRunner.runChildren(ParentRunner.java)
	at org.junit.runners.ParentRunner.access$000(ParentRunner.java)
	at org.junit.runners.ParentRunner$2.evaluate(ParentRunner.java)
	at org.junit.internal.runners.statements.RunBefores.evaluate(RunBefores.java)
	at org.junit.internal.runners.statements.RunAfters.evaluate(RunAfters.java)
	at org.junit.runners.ParentRunner.run(ParentRunner.java)
	at org.junit.runners.Suite.runChild(Suite.java)
	at org.junit.runners.Suite.runChild(Suite.java)
	at org.junit.runners.ParentRunner$3.run(ParentRunner.java)
	at org.junit.runners.ParentRunner$1.schedule(ParentRunner.java)
	at org.junit.runners.ParentRunner.runChildren(ParentRunner.java)
	at org.junit.runners.ParentRunner.access$000(ParentRunner.java)
	at org.junit.runners.ParentRunner$2.evaluate(ParentRunner.java)
	at org.junit.runners.ParentRunner.run(ParentRunner.java)
	at org.junit.runner.JUnitCore.run(JUnitCore.java)
	at org.junit.runner.JUnitCore.run(JUnitCore.java)
	at org.junit.runner.JUnitCore.run(JUnitCore.java)
	at org.junit.runner.JUnitCore.runMain(JUnitCore.java)
	at org.junit.runner.JUnitCore.runMainAndExit(JUnitCore.java)
	at org.junit.runner.JUnitCore.main(JUnitCore.java)
5) test486e122d1bcbade7(modbat.test.TestRSeedTestSuccess)
java.lang.AssertionError: assertion failed
	at scala.Predef$.assert(Predef.scala)
	at modbat.dsl.Model$.assert(Model.scala)
	at modbat.dsl.Model$class.assert(Model.scala)
	at modbat.test.RSeedTestSuccess.assert(RSeedTestSuccess.scala)
	at modbat.test.RSeedTestSuccess$$anonfun$1.apply$mcV$sp(RSeedTestSuccess.scala)
	at modbat.test.RSeedTestSuccess$$anonfun$1.apply(RSeedTestSuccess.scala)
	at modbat.test.RSeedTestSuccess$$anonfun$1.apply(RSeedTestSuccess.scala)
	at modbat.mbt.MBT.executeTransition(MBT.scala)
	at modbat.test.TestRSeedTestSuccess.test486e122d1bcbade7(TestRSeedTestSuccess.java)
	at sun.reflect.NativeMethodAccessorImpl.invoke0(Native Method)
	at sun.reflect.NativeMethodAccessorImpl.invoke(NativeMethodAccessorImpl.java)
	at sun.reflect.DelegatingMethodAccessorImpl.invoke(DelegatingMethodAccessorImpl.java)
	at java.lang.reflect.Method.invoke(Method.java)
	at org.junit.runners.model.FrameworkMethod$1.runReflectiveCall(FrameworkMethod.java)
	at org.junit.internal.runners.model.ReflectiveCallable.run(ReflectiveCallable.java)
	at org.junit.runners.model.FrameworkMethod.invokeExplosively(FrameworkMethod.java)
	at org.junit.internal.runners.statements.InvokeMethod.evaluate(InvokeMethod.java)
	at org.junit.runners.ParentRunner.runLeaf(ParentRunner.java)
	at org.junit.runners.BlockJUnit4ClassRunner.runChild(BlockJUnit4ClassRunner.java)
	at org.junit.runners.BlockJUnit4ClassRunner.runChild(BlockJUnit4ClassRunner.java)
	at org.junit.runners.ParentRunner$3.run(ParentRunner.java)
	at org.junit.runners.ParentRunner$1.schedule(ParentRunner.java)
	at org.junit.runners.ParentRunner.runChildren(ParentRunner.java)
	at org.junit.runners.ParentRunner.access$000(ParentRunner.java)
	at org.junit.runners.ParentRunner$2.evaluate(ParentRunner.java)
	at org.junit.internal.runners.statements.RunBefores.evaluate(RunBefores.java)
	at org.junit.internal.runners.statements.RunAfters.evaluate(RunAfters.java)
	at org.junit.runners.ParentRunner.run(ParentRunner.java)
	at org.junit.runners.Suite.runChild(Suite.java)
	at org.junit.runners.Suite.runChild(Suite.java)
	at org.junit.runners.ParentRunner$3.run(ParentRunner.java)
	at org.junit.runners.ParentRunner$1.schedule(ParentRunner.java)
	at org.junit.runners.ParentRunner.runChildren(ParentRunner.java)
	at org.junit.runners.ParentRunner.access$000(ParentRunner.java)
	at org.junit.runners.ParentRunner$2.evaluate(ParentRunner.java)
	at org.junit.runners.ParentRunner.run(ParentRunner.java)
	at org.junit.runner.JUnitCore.run(JUnitCore.java)
	at org.junit.runner.JUnitCore.run(JUnitCore.java)
	at org.junit.runner.JUnitCore.run(JUnitCore.java)
	at org.junit.runner.JUnitCore.runMain(JUnitCore.java)
	at org.junit.runner.JUnitCore.runMainAndExit(JUnitCore.java)
	at org.junit.runner.JUnitCore.main(JUnitCore.java)
6) test27fe2d950fc74b21(modbat.test.TestRSeedTestSuccess)
java.lang.AssertionError: assertion failed
	at scala.Predef$.assert(Predef.scala)
	at modbat.dsl.Model$.assert(Model.scala)
	at modbat.dsl.Model$class.assert(Model.scala)
	at modbat.test.RSeedTestSuccess.assert(RSeedTestSuccess.scala)
	at modbat.test.RSeedTestSuccess$$anonfun$1.apply$mcV$sp(RSeedTestSuccess.scala)
	at modbat.test.RSeedTestSuccess$$anonfun$1.apply(RSeedTestSuccess.scala)
	at modbat.test.RSeedTestSuccess$$anonfun$1.apply(RSeedTestSuccess.scala)
	at modbat.mbt.MBT.executeTransition(MBT.scala)
	at modbat.test.TestRSeedTestSuccess.test27fe2d950fc74b21(TestRSeedTestSuccess.java)
	at sun.reflect.NativeMethodAccessorImpl.invoke0(Native Method)
	at sun.reflect.NativeMethodAccessorImpl.invoke(NativeMethodAccessorImpl.java)
	at sun.reflect.DelegatingMethodAccessorImpl.invoke(DelegatingMethodAccessorImpl.java)
	at java.lang.reflect.Method.invoke(Method.java)
	at org.junit.runners.model.FrameworkMethod$1.runReflectiveCall(FrameworkMethod.java)
	at org.junit.internal.runners.model.ReflectiveCallable.run(ReflectiveCallable.java)
	at org.junit.runners.model.FrameworkMethod.invokeExplosively(FrameworkMethod.java)
	at org.junit.internal.runners.statements.InvokeMethod.evaluate(InvokeMethod.java)
	at org.junit.runners.ParentRunner.runLeaf(ParentRunner.java)
	at org.junit.runners.BlockJUnit4ClassRunner.runChild(BlockJUnit4ClassRunner.java)
	at org.junit.runners.BlockJUnit4ClassRunner.runChild(BlockJUnit4ClassRunner.java)
	at org.junit.runners.ParentRunner$3.run(ParentRunner.java)
	at org.junit.runners.ParentRunner$1.schedule(ParentRunner.java)
	at org.junit.runners.ParentRunner.runChildren(ParentRunner.java)
	at org.junit.runners.ParentRunner.access$000(ParentRunner.java)
	at org.junit.runners.ParentRunner$2.evaluate(ParentRunner.java)
	at org.junit.internal.runners.statements.RunBefores.evaluate(RunBefores.java)
	at org.junit.internal.runners.statements.RunAfters.evaluate(RunAfters.java)
	at org.junit.runners.ParentRunner.run(ParentRunner.java)
	at org.junit.runners.Suite.runChild(Suite.java)
	at org.junit.runners.Suite.runChild(Suite.java)
	at org.junit.runners.ParentRunner$3.run(ParentRunner.java)
	at org.junit.runners.ParentRunner$1.schedule(ParentRunner.java)
	at org.junit.runners.ParentRunner.runChildren(ParentRunner.java)
	at org.junit.runners.ParentRunner.access$000(ParentRunner.java)
	at org.junit.runners.ParentRunner$2.evaluate(ParentRunner.java)
	at org.junit.runners.ParentRunner.run(ParentRunner.java)
	at org.junit.runner.JUnitCore.run(JUnitCore.java)
	at org.junit.runner.JUnitCore.run(JUnitCore.java)
	at org.junit.runner.JUnitCore.run(JUnitCore.java)
	at org.junit.runner.JUnitCore.runMain(JUnitCore.java)
	at org.junit.runner.JUnitCore.runMainAndExit(JUnitCore.java)
	at org.junit.runner.JUnitCore.main(JUnitCore.java)

FAILURES!!!
Tests run: 6,  Failures: 6

