JUnit version 4.11
.E.E

There were 2 failures:
1) test402b73cd0066eaea(modbat.test.TestSimpleLaunch)
java.lang.AssertionError: assertion failed
	at scala.Predef$.assert(Predef.scala)
	at modbat.dsl.Model$.assert(Model.scala)
	at modbat.dsl.Model$class.assert(Model.scala)
	at modbat.test.SimpleLaunch.assert(SimpleLaunch.scala)
	at modbat.test.SimpleLaunch$$anonfun$2.apply$mcV$sp(SimpleLaunch.scala)
	at modbat.test.SimpleLaunch$$anonfun$2.apply(SimpleLaunch.scala)
	at modbat.test.SimpleLaunch$$anonfun$2.apply(SimpleLaunch.scala)
	at modbat.mbt.MBT.executeTransition(MBT.scala)
	at modbat.test.TestSimpleLaunch.test402b73cd0066eaea(TestSimpleLaunch.java)
	at sun.reflect.NativeMethodAccessorImpl.invoke0(Native Method)
	at sun.reflect.NativeMethodAccessorImpl.invoke(NativeMethodAccessorImpl.java)
	at sun.reflect.DelegatingMethodAccessorImpl.invoke(DelegatingMethodAccessorImpl.java)
	at java.lang.reflect.Method.invoke(Method.java)
	at org.junit.runners.model.FrameworkMethod$1.runReflectiveCall(FrameworkMethod.java)
	at org.junit.internal.runners.model.ReflectiveCallable.run(ReflectiveCallable.java)
	at org.junit.runners.model.FrameworkMethod.invokeExplosively(FrameworkMethod.java)
	at org.junit.internal.runners.statements.InvokeMethod.evaluate(InvokeMethod.java)
	at org.junit.runners.ParentRunner.runLeaf(ParentRunner.java)
	at org.junit.runners.BlockJUnit4ClassRunner.runChild(BlockJUnit4ClassRunner.java)
	at org.junit.runners.BlockJUnit4ClassRunner.runChild(BlockJUnit4ClassRunner.java)
	at org.junit.runners.ParentRunner$3.run(ParentRunner.java)
	at org.junit.runners.ParentRunner$1.schedule(ParentRunner.java)
	at org.junit.runners.ParentRunner.runChildren(ParentRunner.java)
	at org.junit.runners.ParentRunner.access$000(ParentRunner.java)
	at org.junit.runners.ParentRunner$2.evaluate(ParentRunner.java)
	at org.junit.internal.runners.statements.RunBefores.evaluate(RunBefores.java)
	at org.junit.internal.runners.statements.RunAfters.evaluate(RunAfters.java)
	at org.junit.runners.ParentRunner.run(ParentRunner.java)
	at org.junit.runners.Suite.runChild(Suite.java)
	at org.junit.runners.Suite.runChild(Suite.java)
	at org.junit.runners.ParentRunner$3.run(ParentRunner.java)
	at org.junit.runners.ParentRunner$1.schedule(ParentRunner.java)
	at org.junit.runners.ParentRunner.runChildren(ParentRunner.java)
	at org.junit.runners.ParentRunner.access$000(ParentRunner.java)
	at org.junit.runners.ParentRunner$2.evaluate(ParentRunner.java)
	at org.junit.runners.ParentRunner.run(ParentRunner.java)
	at org.junit.runner.JUnitCore.run(JUnitCore.java)
	at org.junit.runner.JUnitCore.run(JUnitCore.java)
	at org.junit.runner.JUnitCore.run(JUnitCore.java)
	at org.junit.runner.JUnitCore.runMain(JUnitCore.java)
	at org.junit.runner.JUnitCore.runMainAndExit(JUnitCore.java)
	at org.junit.runner.JUnitCore.main(JUnitCore.java)
2) test41530f4040856586(modbat.test.TestSimpleLaunch)
java.lang.AssertionError: assertion failed
	at scala.Predef$.assert(Predef.scala)
	at modbat.dsl.Model$.assert(Model.scala)
	at modbat.dsl.Model$class.assert(Model.scala)
	at modbat.test.SimpleLaunch.assert(SimpleLaunch.scala)
	at modbat.test.SimpleLaunch$$anonfun$2.apply$mcV$sp(SimpleLaunch.scala)
	at modbat.test.SimpleLaunch$$anonfun$2.apply(SimpleLaunch.scala)
	at modbat.test.SimpleLaunch$$anonfun$2.apply(SimpleLaunch.scala)
	at modbat.mbt.MBT.executeTransition(MBT.scala)
	at modbat.test.TestSimpleLaunch.test41530f4040856586(TestSimpleLaunch.java)
	at sun.reflect.NativeMethodAccessorImpl.invoke0(Native Method)
	at sun.reflect.NativeMethodAccessorImpl.invoke(NativeMethodAccessorImpl.java)
	at sun.reflect.DelegatingMethodAccessorImpl.invoke(DelegatingMethodAccessorImpl.java)
	at java.lang.reflect.Method.invoke(Method.java)
	at org.junit.runners.model.FrameworkMethod$1.runReflectiveCall(FrameworkMethod.java)
	at org.junit.internal.runners.model.ReflectiveCallable.run(ReflectiveCallable.java)
	at org.junit.runners.model.FrameworkMethod.invokeExplosively(FrameworkMethod.java)
	at org.junit.internal.runners.statements.InvokeMethod.evaluate(InvokeMethod.java)
	at org.junit.runners.ParentRunner.runLeaf(ParentRunner.java)
	at org.junit.runners.BlockJUnit4ClassRunner.runChild(BlockJUnit4ClassRunner.java)
	at org.junit.runners.BlockJUnit4ClassRunner.runChild(BlockJUnit4ClassRunner.java)
	at org.junit.runners.ParentRunner$3.run(ParentRunner.java)
	at org.junit.runners.ParentRunner$1.schedule(ParentRunner.java)
	at org.junit.runners.ParentRunner.runChildren(ParentRunner.java)
	at org.junit.runners.ParentRunner.access$000(ParentRunner.java)
	at org.junit.runners.ParentRunner$2.evaluate(ParentRunner.java)
	at org.junit.internal.runners.statements.RunBefores.evaluate(RunBefores.java)
	at org.junit.internal.runners.statements.RunAfters.evaluate(RunAfters.java)
	at org.junit.runners.ParentRunner.run(ParentRunner.java)
	at org.junit.runners.Suite.runChild(Suite.java)
	at org.junit.runners.Suite.runChild(Suite.java)
	at org.junit.runners.ParentRunner$3.run(ParentRunner.java)
	at org.junit.runners.ParentRunner$1.schedule(ParentRunner.java)
	at org.junit.runners.ParentRunner.runChildren(ParentRunner.java)
	at org.junit.runners.ParentRunner.access$000(ParentRunner.java)
	at org.junit.runners.ParentRunner$2.evaluate(ParentRunner.java)
	at org.junit.runners.ParentRunner.run(ParentRunner.java)
	at org.junit.runner.JUnitCore.run(JUnitCore.java)
	at org.junit.runner.JUnitCore.run(JUnitCore.java)
	at org.junit.runner.JUnitCore.run(JUnitCore.java)
	at org.junit.runner.JUnitCore.runMain(JUnitCore.java)
	at org.junit.runner.JUnitCore.runMainAndExit(JUnitCore.java)
	at org.junit.runner.JUnitCore.main(JUnitCore.java)

FAILURES!!!
Tests run: 2,  Failures: 2

