JUnit version 4.11
.E.E.E.E

There were 4 failures:
1) test49a846e52b813972(modbat.examples.TestSimpleModel)
java.lang.AssertionError: assertion failed
	at scala.Predef$.assert(Predef.scala)
	at modbat.dsl.Model$.assert(Model.scala)
	at modbat.dsl.Model$class.assert(Model.scala)
	at modbat.examples.SimpleModel.assert(SimpleModel.scala)
	at modbat.examples.SimpleModel$$anonfun$6.apply$mcV$sp(SimpleModel.scala)
	at modbat.examples.SimpleModel$$anonfun$6.apply(SimpleModel.scala)
	at modbat.examples.SimpleModel$$anonfun$6.apply(SimpleModel.scala)
	at modbat.mbt.MBT.executeTransition(MBT.scala)
	at modbat.examples.TestSimpleModel.test49a846e52b813972(TestSimpleModel.java)
	at sun.reflect.NativeMethodAccessorImpl.invoke0(Native Method)
	at sun.reflect.NativeMethodAccessorImpl.invoke(NativeMethodAccessorImpl.java)
	at sun.reflect.DelegatingMethodAccessorImpl.invoke(DelegatingMethodAccessorImpl.java)
	at java.lang.reflect.Method.invoke(Method.java)
	at org.junit.runners.model.FrameworkMethod$1.runReflectiveCall(FrameworkMethod.java)
	at org.junit.internal.runners.model.ReflectiveCallable.run(ReflectiveCallable.java)
	at org.junit.runners.model.FrameworkMethod.invokeExplosively(FrameworkMethod.java)
	at org.junit.internal.runners.statements.InvokeMethod.evaluate(InvokeMethod.java)
	at org.junit.runners.ParentRunner.runLeaf(ParentRunner.java)
	at org.junit.runners.BlockJUnit4ClassRunner.runChild(BlockJUnit4ClassRunner.java)
	at org.junit.runners.BlockJUnit4ClassRunner.runChild(BlockJUnit4ClassRunner.java)
	at org.junit.runners.ParentRunner$3.run(ParentRunner.java)
	at org.junit.runners.ParentRunner$1.schedule(ParentRunner.java)
	at org.junit.runners.ParentRunner.runChildren(ParentRunner.java)
	at org.junit.runners.ParentRunner.access$000(ParentRunner.java)
	at org.junit.runners.ParentRunner$2.evaluate(ParentRunner.java)
	at org.junit.internal.runners.statements.RunBefores.evaluate(RunBefores.java)
	at org.junit.internal.runners.statements.RunAfters.evaluate(RunAfters.java)
	at org.junit.runners.ParentRunner.run(ParentRunner.java)
	at org.junit.runners.Suite.runChild(Suite.java)
	at org.junit.runners.Suite.runChild(Suite.java)
	at org.junit.runners.ParentRunner$3.run(ParentRunner.java)
	at org.junit.runners.ParentRunner$1.schedule(ParentRunner.java)
	at org.junit.runners.ParentRunner.runChildren(ParentRunner.java)
	at org.junit.runners.ParentRunner.access$000(ParentRunner.java)
	at org.junit.runners.ParentRunner$2.evaluate(ParentRunner.java)
	at org.junit.runners.ParentRunner.run(ParentRunner.java)
	at org.junit.runner.JUnitCore.run(JUnitCore.java)
	at org.junit.runner.JUnitCore.run(JUnitCore.java)
	at org.junit.runner.JUnitCore.run(JUnitCore.java)
	at org.junit.runner.JUnitCore.runMain(JUnitCore.java)
	at org.junit.runner.JUnitCore.runMainAndExit(JUnitCore.java)
	at org.junit.runner.JUnitCore.main(JUnitCore.java)
2) test636e772f0798297b(modbat.examples.TestSimpleModel)
java.lang.AssertionError: assertion failed
	at scala.Predef$.assert(Predef.scala)
	at modbat.dsl.Model$.assert(Model.scala)
	at modbat.dsl.Model$class.assert(Model.scala)
	at modbat.examples.SimpleModel.assert(SimpleModel.scala)
	at modbat.examples.SimpleModel$$anonfun$6.apply$mcV$sp(SimpleModel.scala)
	at modbat.examples.SimpleModel$$anonfun$6.apply(SimpleModel.scala)
	at modbat.examples.SimpleModel$$anonfun$6.apply(SimpleModel.scala)
	at modbat.mbt.MBT.executeTransition(MBT.scala)
	at modbat.examples.TestSimpleModel.test636e772f0798297b(TestSimpleModel.java)
	at sun.reflect.NativeMethodAccessorImpl.invoke0(Native Method)
	at sun.reflect.NativeMethodAccessorImpl.invoke(NativeMethodAccessorImpl.java)
	at sun.reflect.DelegatingMethodAccessorImpl.invoke(DelegatingMethodAccessorImpl.java)
	at java.lang.reflect.Method.invoke(Method.java)
	at org.junit.runners.model.FrameworkMethod$1.runReflectiveCall(FrameworkMethod.java)
	at org.junit.internal.runners.model.ReflectiveCallable.run(ReflectiveCallable.java)
	at org.junit.runners.model.FrameworkMethod.invokeExplosively(FrameworkMethod.java)
	at org.junit.internal.runners.statements.InvokeMethod.evaluate(InvokeMethod.java)
	at org.junit.runners.ParentRunner.runLeaf(ParentRunner.java)
	at org.junit.runners.BlockJUnit4ClassRunner.runChild(BlockJUnit4ClassRunner.java)
	at org.junit.runners.BlockJUnit4ClassRunner.runChild(BlockJUnit4ClassRunner.java)
	at org.junit.runners.ParentRunner$3.run(ParentRunner.java)
	at org.junit.runners.ParentRunner$1.schedule(ParentRunner.java)
	at org.junit.runners.ParentRunner.runChildren(ParentRunner.java)
	at org.junit.runners.ParentRunner.access$000(ParentRunner.java)
	at org.junit.runners.ParentRunner$2.evaluate(ParentRunner.java)
	at org.junit.internal.runners.statements.RunBefores.evaluate(RunBefores.java)
	at org.junit.internal.runners.statements.RunAfters.evaluate(RunAfters.java)
	at org.junit.runners.ParentRunner.run(ParentRunner.java)
	at org.junit.runners.Suite.runChild(Suite.java)
	at org.junit.runners.Suite.runChild(Suite.java)
	at org.junit.runners.ParentRunner$3.run(ParentRunner.java)
	at org.junit.runners.ParentRunner$1.schedule(ParentRunner.java)
	at org.junit.runners.ParentRunner.runChildren(ParentRunner.java)
	at org.junit.runners.ParentRunner.access$000(ParentRunner.java)
	at org.junit.runners.ParentRunner$2.evaluate(ParentRunner.java)
	at org.junit.runners.ParentRunner.run(ParentRunner.java)
	at org.junit.runner.JUnitCore.run(JUnitCore.java)
	at org.junit.runner.JUnitCore.run(JUnitCore.java)
	at org.junit.runner.JUnitCore.run(JUnitCore.java)
	at org.junit.runner.JUnitCore.runMain(JUnitCore.java)
	at org.junit.runner.JUnitCore.runMainAndExit(JUnitCore.java)
	at org.junit.runner.JUnitCore.main(JUnitCore.java)
3) test1690fa4e0c732f7d(modbat.examples.TestSimpleModel)
java.lang.AssertionError: assertion failed
	at scala.Predef$.assert(Predef.scala)
	at modbat.dsl.Model$.assert(Model.scala)
	at modbat.dsl.Model$class.assert(Model.scala)
	at modbat.examples.SimpleModel.assert(SimpleModel.scala)
	at modbat.examples.SimpleModel$$anonfun$6.apply$mcV$sp(SimpleModel.scala)
	at modbat.examples.SimpleModel$$anonfun$6.apply(SimpleModel.scala)
	at modbat.examples.SimpleModel$$anonfun$6.apply(SimpleModel.scala)
	at modbat.mbt.MBT.executeTransition(MBT.scala)
	at modbat.examples.TestSimpleModel.test1690fa4e0c732f7d(TestSimpleModel.java)
	at sun.reflect.NativeMethodAccessorImpl.invoke0(Native Method)
	at sun.reflect.NativeMethodAccessorImpl.invoke(NativeMethodAccessorImpl.java)
	at sun.reflect.DelegatingMethodAccessorImpl.invoke(DelegatingMethodAccessorImpl.java)
	at java.lang.reflect.Method.invoke(Method.java)
	at org.junit.runners.model.FrameworkMethod$1.runReflectiveCall(FrameworkMethod.java)
	at org.junit.internal.runners.model.ReflectiveCallable.run(ReflectiveCallable.java)
	at org.junit.runners.model.FrameworkMethod.invokeExplosively(FrameworkMethod.java)
	at org.junit.internal.runners.statements.InvokeMethod.evaluate(InvokeMethod.java)
	at org.junit.runners.ParentRunner.runLeaf(ParentRunner.java)
	at org.junit.runners.BlockJUnit4ClassRunner.runChild(BlockJUnit4ClassRunner.java)
	at org.junit.runners.BlockJUnit4ClassRunner.runChild(BlockJUnit4ClassRunner.java)
	at org.junit.runners.ParentRunner$3.run(ParentRunner.java)
	at org.junit.runners.ParentRunner$1.schedule(ParentRunner.java)
	at org.junit.runners.ParentRunner.runChildren(ParentRunner.java)
	at org.junit.runners.ParentRunner.access$000(ParentRunner.java)
	at org.junit.runners.ParentRunner$2.evaluate(ParentRunner.java)
	at org.junit.internal.runners.statements.RunBefores.evaluate(RunBefores.java)
	at org.junit.internal.runners.statements.RunAfters.evaluate(RunAfters.java)
	at org.junit.runners.ParentRunner.run(ParentRunner.java)
	at org.junit.runners.Suite.runChild(Suite.java)
	at org.junit.runners.Suite.runChild(Suite.java)
	at org.junit.runners.ParentRunner$3.run(ParentRunner.java)
	at org.junit.runners.ParentRunner$1.schedule(ParentRunner.java)
	at org.junit.runners.ParentRunner.runChildren(ParentRunner.java)
	at org.junit.runners.ParentRunner.access$000(ParentRunner.java)
	at org.junit.runners.ParentRunner$2.evaluate(ParentRunner.java)
	at org.junit.runners.ParentRunner.run(ParentRunner.java)
	at org.junit.runner.JUnitCore.run(JUnitCore.java)
	at org.junit.runner.JUnitCore.run(JUnitCore.java)
	at org.junit.runner.JUnitCore.run(JUnitCore.java)
	at org.junit.runner.JUnitCore.runMain(JUnitCore.java)
	at org.junit.runner.JUnitCore.runMainAndExit(JUnitCore.java)
	at org.junit.runner.JUnitCore.main(JUnitCore.java)
4) test486e122d1bcbade7(modbat.examples.TestSimpleModel)
java.lang.AssertionError: assertion failed
	at scala.Predef$.assert(Predef.scala)
	at modbat.dsl.Model$.assert(Model.scala)
	at modbat.dsl.Model$class.assert(Model.scala)
	at modbat.examples.SimpleModel.assert(SimpleModel.scala)
	at modbat.examples.SimpleModel$$anonfun$6.apply$mcV$sp(SimpleModel.scala)
	at modbat.examples.SimpleModel$$anonfun$6.apply(SimpleModel.scala)
	at modbat.examples.SimpleModel$$anonfun$6.apply(SimpleModel.scala)
	at modbat.mbt.MBT.executeTransition(MBT.scala)
	at modbat.examples.TestSimpleModel.test486e122d1bcbade7(TestSimpleModel.java)
	at sun.reflect.NativeMethodAccessorImpl.invoke0(Native Method)
	at sun.reflect.NativeMethodAccessorImpl.invoke(NativeMethodAccessorImpl.java)
	at sun.reflect.DelegatingMethodAccessorImpl.invoke(DelegatingMethodAccessorImpl.java)
	at java.lang.reflect.Method.invoke(Method.java)
	at org.junit.runners.model.FrameworkMethod$1.runReflectiveCall(FrameworkMethod.java)
	at org.junit.internal.runners.model.ReflectiveCallable.run(ReflectiveCallable.java)
	at org.junit.runners.model.FrameworkMethod.invokeExplosively(FrameworkMethod.java)
	at org.junit.internal.runners.statements.InvokeMethod.evaluate(InvokeMethod.java)
	at org.junit.runners.ParentRunner.runLeaf(ParentRunner.java)
	at org.junit.runners.BlockJUnit4ClassRunner.runChild(BlockJUnit4ClassRunner.java)
	at org.junit.runners.BlockJUnit4ClassRunner.runChild(BlockJUnit4ClassRunner.java)
	at org.junit.runners.ParentRunner$3.run(ParentRunner.java)
	at org.junit.runners.ParentRunner$1.schedule(ParentRunner.java)
	at org.junit.runners.ParentRunner.runChildren(ParentRunner.java)
	at org.junit.runners.ParentRunner.access$000(ParentRunner.java)
	at org.junit.runners.ParentRunner$2.evaluate(ParentRunner.java)
	at org.junit.internal.runners.statements.RunBefores.evaluate(RunBefores.java)
	at org.junit.internal.runners.statements.RunAfters.evaluate(RunAfters.java)
	at org.junit.runners.ParentRunner.run(ParentRunner.java)
	at org.junit.runners.Suite.runChild(Suite.java)
	at org.junit.runners.Suite.runChild(Suite.java)
	at org.junit.runners.ParentRunner$3.run(ParentRunner.java)
	at org.junit.runners.ParentRunner$1.schedule(ParentRunner.java)
	at org.junit.runners.ParentRunner.runChildren(ParentRunner.java)
	at org.junit.runners.ParentRunner.access$000(ParentRunner.java)
	at org.junit.runners.ParentRunner$2.evaluate(ParentRunner.java)
	at org.junit.runners.ParentRunner.run(ParentRunner.java)
	at org.junit.runner.JUnitCore.run(JUnitCore.java)
	at org.junit.runner.JUnitCore.run(JUnitCore.java)
	at org.junit.runner.JUnitCore.run(JUnitCore.java)
	at org.junit.runner.JUnitCore.runMain(JUnitCore.java)
	at org.junit.runner.JUnitCore.runMainAndExit(JUnitCore.java)
	at org.junit.runner.JUnitCore.main(JUnitCore.java)

FAILURES!!!
Tests run: 4,  Failures: 4

