JUnit version 4.11
......E....E.

There were 2 failures:
1) test4(TestSimpleModel)
java.lang.AssertionError: assertion failed
	at scala.Predef$.assert(Predef.scala)
	at SimpleModel$$anonfun$instance$4.apply$mcV$sp(SimpleModel.scala)
	at SimpleModel$$anonfun$instance$4.apply(SimpleModel.scala)
	at SimpleModel$$anonfun$instance$4.apply(SimpleModel.scala)
	at modbat.mbt.MBT.executeTransition(MBT.scala)
	at TestSimpleModel.test4(TestSimpleModel.java)
	at sun.reflect.NativeMethodAccessorImpl.invoke0(Native Method)
	at sun.reflect.NativeMethodAccessorImpl.invoke(NativeMethodAccessorImpl.java)
	at sun.reflect.DelegatingMethodAccessorImpl.invoke(DelegatingMethodAccessorImpl.java)
	at java.lang.reflect.Method.invoke(Method.java)
	at org.junit.runners.model.FrameworkMethod$1.runReflectiveCall(FrameworkMethod.java)
	at org.junit.internal.runners.model.ReflectiveCallable.run(ReflectiveCallable.java)
	at org.junit.runners.model.FrameworkMethod.invokeExplosively(FrameworkMethod.java)
	at org.junit.internal.runners.statements.InvokeMethod.evaluate(InvokeMethod.java)
	at org.junit.runners.ParentRunner.runLeaf(ParentRunner.java)
	at org.junit.runners.BlockJUnit4ClassRunner.runChild(BlockJUnit4ClassRunner.java)
	at org.junit.runners.BlockJUnit4ClassRunner.runChild(BlockJUnit4ClassRunner.java)
	at org.junit.runners.ParentRunner$3.run(ParentRunner.java)
	at org.junit.runners.ParentRunner$1.schedule(ParentRunner.java)
	at org.junit.runners.ParentRunner.runChildren(ParentRunner.java)
	at org.junit.runners.ParentRunner.access$000(ParentRunner.java)
	at org.junit.runners.ParentRunner$2.evaluate(ParentRunner.java)
	at org.junit.internal.runners.statements.RunBefores.evaluate(RunBefores.java)
	at org.junit.runners.ParentRunner.run(ParentRunner.java)
	at org.junit.runners.Suite.runChild(Suite.java)
	at org.junit.runners.Suite.runChild(Suite.java)
	at org.junit.runners.ParentRunner$3.run(ParentRunner.java)
	at org.junit.runners.ParentRunner$1.schedule(ParentRunner.java)
	at org.junit.runners.ParentRunner.runChildren(ParentRunner.java)
	at org.junit.runners.ParentRunner.access$000(ParentRunner.java)
	at org.junit.runners.ParentRunner$2.evaluate(ParentRunner.java)
	at org.junit.runners.ParentRunner.run(ParentRunner.java)
	at org.junit.runner.JUnitCore.run(JUnitCore.java)
	at org.junit.runner.JUnitCore.run(JUnitCore.java)
	at org.junit.runner.JUnitCore.run(JUnitCore.java)
	at org.junit.runner.JUnitCore.runMain(JUnitCore.java)
	at org.junit.runner.JUnitCore.runMainAndExit(JUnitCore.java)
	at org.junit.runner.JUnitCore.main(JUnitCore.java)
2) test8(TestSimpleModel)
java.lang.AssertionError: assertion failed
	at scala.Predef$.assert(Predef.scala)
	at SimpleModel$$anonfun$instance$4.apply$mcV$sp(SimpleModel.scala)
	at SimpleModel$$anonfun$instance$4.apply(SimpleModel.scala)
	at SimpleModel$$anonfun$instance$4.apply(SimpleModel.scala)
	at modbat.mbt.MBT.executeTransition(MBT.scala)
	at TestSimpleModel.test8(TestSimpleModel.java)
	at sun.reflect.NativeMethodAccessorImpl.invoke0(Native Method)
	at sun.reflect.NativeMethodAccessorImpl.invoke(NativeMethodAccessorImpl.java)
	at sun.reflect.DelegatingMethodAccessorImpl.invoke(DelegatingMethodAccessorImpl.java)
	at java.lang.reflect.Method.invoke(Method.java)
	at org.junit.runners.model.FrameworkMethod$1.runReflectiveCall(FrameworkMethod.java)
	at org.junit.internal.runners.model.ReflectiveCallable.run(ReflectiveCallable.java)
	at org.junit.runners.model.FrameworkMethod.invokeExplosively(FrameworkMethod.java)
	at org.junit.internal.runners.statements.InvokeMethod.evaluate(InvokeMethod.java)
	at org.junit.runners.ParentRunner.runLeaf(ParentRunner.java)
	at org.junit.runners.BlockJUnit4ClassRunner.runChild(BlockJUnit4ClassRunner.java)
	at org.junit.runners.BlockJUnit4ClassRunner.runChild(BlockJUnit4ClassRunner.java)
	at org.junit.runners.ParentRunner$3.run(ParentRunner.java)
	at org.junit.runners.ParentRunner$1.schedule(ParentRunner.java)
	at org.junit.runners.ParentRunner.runChildren(ParentRunner.java)
	at org.junit.runners.ParentRunner.access$000(ParentRunner.java)
	at org.junit.runners.ParentRunner$2.evaluate(ParentRunner.java)
	at org.junit.internal.runners.statements.RunBefores.evaluate(RunBefores.java)
	at org.junit.runners.ParentRunner.run(ParentRunner.java)
	at org.junit.runners.Suite.runChild(Suite.java)
	at org.junit.runners.Suite.runChild(Suite.java)
	at org.junit.runners.ParentRunner$3.run(ParentRunner.java)
	at org.junit.runners.ParentRunner$1.schedule(ParentRunner.java)
	at org.junit.runners.ParentRunner.runChildren(ParentRunner.java)
	at org.junit.runners.ParentRunner.access$000(ParentRunner.java)
	at org.junit.runners.ParentRunner$2.evaluate(ParentRunner.java)
	at org.junit.runners.ParentRunner.run(ParentRunner.java)
	at org.junit.runner.JUnitCore.run(JUnitCore.java)
	at org.junit.runner.JUnitCore.run(JUnitCore.java)
	at org.junit.runner.JUnitCore.run(JUnitCore.java)
	at org.junit.runner.JUnitCore.runMain(JUnitCore.java)
	at org.junit.runner.JUnitCore.runMainAndExit(JUnitCore.java)
	at org.junit.runner.JUnitCore.main(JUnitCore.java)

FAILURES!!!
Tests run: 11,  Failures: 2

